c:\users\wells\source\repos\asteroidexplorer\debug\vc142.pdb
c:\users\wells\source\repos\asteroidexplorer\debug\vc142.idb
c:\users\wells\source\repos\asteroidexplorer\debug\source1.obj
c:\users\wells\source\repos\asteroidexplorer\debug\asteroidexplorer.exe
c:\users\wells\source\repos\asteroidexplorer\debug\asteroidexplorer.ilk
c:\users\wells\source\repos\asteroidexplorer\debug\asteroidexplorer.pdb
d:\source\repos\asteroidexplorer\debug\source.obj
d:\source\repos\asteroidexplorer\debug\source1.obj
d:\source\repos\asteroidexplorer\debug\source1.new.obj.enc
d:\source\repos\asteroidexplorer\debug\asteroidexplorer.ilk
d:\source\repos\asteroidexplorer\debug\vc142.idb
d:\source\repos\asteroidexplorer\debug\asteroidexplorer.pdb
d:\source\repos\asteroidexplorer\debug\vc142.pdb
d:\source\repos\asteroidexplorer\debug\asteroidexplorer.exe
d:\source\repos\asteroidexplorer\debug\asteroidexplorer.tlog\cl.command.1.tlog
d:\source\repos\asteroidexplorer\debug\asteroidexplorer.tlog\cl.read.1.tlog
d:\source\repos\asteroidexplorer\debug\asteroidexplorer.tlog\cl.write.1.tlog
d:\source\repos\asteroidexplorer\debug\asteroidexplorer.tlog\link.command.1.tlog
d:\source\repos\asteroidexplorer\debug\asteroidexplorer.tlog\link.read.1.tlog
d:\source\repos\asteroidexplorer\debug\asteroidexplorer.tlog\link.write.1.tlog
